<?xml version="1.0" encoding="UTF-8"?>
<testsuite name="AdderClassTest" tests="2" skipped="0" failures="0" errors="0" timestamp="2019-02-28T10:53:04" hostname="geolica-Lenovo-Legion-Y530-15ICH" time="0.005">
  <properties/>
  <testcase name="subtract" classname="AdderClassTest" time="0.001"/>
  <testcase name="add" classname="AdderClassTest" time="0.004"/>
  <system-out><![CDATA[2019-02-28 12:53:03,678 Test worker DEBUG Initializing configuration XmlConfiguration[location=/home/geolica/Desktop/AdderClass/build/resources/main/log4j2.xml]
2019-02-28 12:53:03,684 Test worker DEBUG Installed script engines
2019-02-28 12:53:03,885 Test worker DEBUG Oracle Nashorn Version: 10.0.2, Language: ECMAScript, Threading: Not Thread Safe, Compile: true, Names: {nashorn, Nashorn, js, JS, JavaScript, javascript, ECMAScript, ecmascript}
2019-02-28 12:53:03,886 Test worker DEBUG PluginManager 'Core' found 112 plugins
2019-02-28 12:53:03,887 Test worker DEBUG PluginManager 'Level' found 0 plugins
2019-02-28 12:53:03,891 Test worker DEBUG PluginManager 'Lookup' found 13 plugins
2019-02-28 12:53:03,893 Test worker DEBUG Building Plugin[name=layout, class=org.apache.logging.log4j.core.layout.PatternLayout].
2019-02-28 12:53:03,902 Test worker TRACE TypeConverterRegistry initializing.
2019-02-28 12:53:03,902 Test worker DEBUG PluginManager 'TypeConverter' found 26 plugins
2019-02-28 12:53:03,911 Test worker DEBUG PatternLayout$Builder(pattern="%d{DATE} [%t] %class{36} %L %M - %msg%xEx%n", PatternSelector=null, Configuration(/home/geolica/Desktop/AdderClass/build/resources/main/log4j2.xml), Replace=null, charset="null", alwaysWriteExceptions="null", disableAnsi="null", noConsoleNoAnsi="null", header="null", footer="null")
2019-02-28 12:53:03,912 Test worker DEBUG PluginManager 'Converter' found 41 plugins
2019-02-28 12:53:03,924 Test worker DEBUG Building Plugin[name=appender, class=org.apache.logging.log4j.core.appender.FileAppender].
2019-02-28 12:53:03,930 Test worker DEBUG FileAppender$Builder(fileName="logs/app.log", append="null", locking="null", advertise="null", advertiseUri="null", createOnDemand="null", bufferedIo="null", bufferSize="null", immediateFlush="null", ignoreExceptions="null", PatternLayout(%d{DATE} [%t] %class{36} %L %M - %msg%xEx%n), name="FisierLog", Configuration(/home/geolica/Desktop/AdderClass/build/resources/main/log4j2.xml), Filter=null)
2019-02-28 12:53:03,932 Test worker DEBUG Starting FileManager logs/app.log
2019-02-28 12:53:03,933 Test worker DEBUG Building Plugin[name=appenders, class=org.apache.logging.log4j.core.config.AppendersPlugin].
2019-02-28 12:53:03,935 Test worker DEBUG createAppenders(={FisierLog})
2019-02-28 12:53:03,935 Test worker DEBUG Building Plugin[name=AppenderRef, class=org.apache.logging.log4j.core.config.AppenderRef].
2019-02-28 12:53:03,940 Test worker DEBUG createAppenderRef(ref="FisierLog", level="null", Filter=null)
2019-02-28 12:53:03,940 Test worker DEBUG Building Plugin[name=root, class=org.apache.logging.log4j.core.config.LoggerConfig$RootLogger].
2019-02-28 12:53:03,942 Test worker DEBUG createLogger(additivity="null", level="TRACE", includeLocation="null", ={FisierLog}, ={}, Configuration(/home/geolica/Desktop/AdderClass/build/resources/main/log4j2.xml), Filter=null)
2019-02-28 12:53:03,944 Test worker DEBUG Building Plugin[name=loggers, class=org.apache.logging.log4j.core.config.LoggersPlugin].
2019-02-28 12:53:03,945 Test worker DEBUG createLoggers(={root})
2019-02-28 12:53:03,945 Test worker DEBUG Configuration XmlConfiguration[location=/home/geolica/Desktop/AdderClass/build/resources/main/log4j2.xml] initialized
2019-02-28 12:53:03,946 Test worker DEBUG Starting configuration XmlConfiguration[location=/home/geolica/Desktop/AdderClass/build/resources/main/log4j2.xml]
2019-02-28 12:53:03,947 Test worker DEBUG Started configuration XmlConfiguration[location=/home/geolica/Desktop/AdderClass/build/resources/main/log4j2.xml] OK.
2019-02-28 12:53:03,947 Test worker TRACE Stopping org.apache.logging.log4j.core.config.DefaultConfiguration@79ebaba5...
2019-02-28 12:53:03,948 Test worker TRACE DefaultConfiguration notified 1 ReliabilityStrategies that config will be stopped.
2019-02-28 12:53:03,948 Test worker TRACE DefaultConfiguration stopping root LoggerConfig.
2019-02-28 12:53:03,949 Test worker TRACE DefaultConfiguration notifying ReliabilityStrategies that appenders will be stopped.
2019-02-28 12:53:03,949 Test worker TRACE DefaultConfiguration stopping remaining Appenders.
2019-02-28 12:53:03,950 Test worker DEBUG Shutting down OutputStreamManager SYSTEM_OUT.false.false-1
2019-02-28 12:53:03,950 Test worker DEBUG Shut down OutputStreamManager SYSTEM_OUT.false.false-1, all resources released: true
2019-02-28 12:53:03,951 Test worker DEBUG Appender DefaultConsole-1 stopped with status true
2019-02-28 12:53:03,951 Test worker TRACE DefaultConfiguration stopped 1 remaining Appenders.
2019-02-28 12:53:03,952 Test worker TRACE DefaultConfiguration cleaning Appenders from 1 LoggerConfigs.
2019-02-28 12:53:03,952 Test worker DEBUG Stopped org.apache.logging.log4j.core.config.DefaultConfiguration@79ebaba5 OK
2019-02-28 12:53:03,996 Test worker TRACE Reregistering MBeans after reconfigure. Selector=org.apache.logging.log4j.core.selector.ClassLoaderContextSelector@661d621e
2019-02-28 12:53:03,996 Test worker TRACE Reregistering context (1/1): '1de0aca6' org.apache.logging.log4j.core.LoggerContext@7176dfd4
2019-02-28 12:53:03,997 Test worker TRACE Unregistering but no MBeans found matching 'org.apache.logging.log4j2:type=1de0aca6'
2019-02-28 12:53:03,997 Test worker TRACE Unregistering but no MBeans found matching 'org.apache.logging.log4j2:type=1de0aca6,component=StatusLogger'
2019-02-28 12:53:03,998 Test worker TRACE Unregistering but no MBeans found matching 'org.apache.logging.log4j2:type=1de0aca6,component=ContextSelector'
2019-02-28 12:53:03,999 Test worker TRACE Unregistering but no MBeans found matching 'org.apache.logging.log4j2:type=1de0aca6,component=Loggers,name=*'
2019-02-28 12:53:03,999 Test worker TRACE Unregistering but no MBeans found matching 'org.apache.logging.log4j2:type=1de0aca6,component=Appenders,name=*'
2019-02-28 12:53:04,000 Test worker TRACE Unregistering but no MBeans found matching 'org.apache.logging.log4j2:type=1de0aca6,component=AsyncAppenders,name=*'
2019-02-28 12:53:04,000 Test worker TRACE Unregistering but no MBeans found matching 'org.apache.logging.log4j2:type=1de0aca6,component=AsyncLoggerRingBuffer'
2019-02-28 12:53:04,001 Test worker TRACE Unregistering but no MBeans found matching 'org.apache.logging.log4j2:type=1de0aca6,component=Loggers,name=*,subtype=RingBuffer'
2019-02-28 12:53:04,002 Test worker DEBUG Registering MBean org.apache.logging.log4j2:type=1de0aca6
2019-02-28 12:53:04,004 Test worker DEBUG Registering MBean org.apache.logging.log4j2:type=1de0aca6,component=StatusLogger
2019-02-28 12:53:04,005 Test worker DEBUG Registering MBean org.apache.logging.log4j2:type=1de0aca6,component=ContextSelector
2019-02-28 12:53:04,006 Test worker DEBUG Registering MBean org.apache.logging.log4j2:type=1de0aca6,component=Loggers,name=
2019-02-28 12:53:04,007 Test worker DEBUG Registering MBean org.apache.logging.log4j2:type=1de0aca6,component=Appenders,name=FisierLog
2019-02-28 12:53:04,008 Test worker TRACE Using default SystemClock for timestamps.
2019-02-28 12:53:04,008 Test worker TRACE Using DummyNanoClock for nanosecond timestamps.
2019-02-28 12:53:04,009 Test worker DEBUG Reconfiguration complete for context[name=1de0aca6] at URI /home/geolica/Desktop/AdderClass/build/resources/main/log4j2.xml (org.apache.logging.log4j.core.LoggerContext@7176dfd4) with optional ClassLoader: null
2019-02-28 12:53:04,009 Test worker DEBUG Shutdown hook enabled. Registering a new one.
2019-02-28 12:53:04,010 Test worker DEBUG LoggerContext[name=1de0aca6, org.apache.logging.log4j.core.LoggerContext@7176dfd4] started OK.
]]></system-out>
  <system-err><![CDATA[]]></system-err>
</testsuite>
